0 verbose cli /usr/local/bin/node /usr/local/bin/npm
1 info using npm@10.9.3
2 info using node@v22.19.0
3 silly config load:file:/usr/local/lib/node_modules/npm/npmrc
4 silly config load:file:/Users/zhangzhuang/IdeaProjects/skill-competition/user-manager/frontend/.npmrc
5 silly config load:file:/Users/zhangzhuang/.npmrc
6 silly config load:file:/usr/local/etc/npmrc
7 verbose title npm install
8 verbose argv "install"
9 verbose logfile logs-max:10 dir:/Users/zhangzhuang/IdeaProjects/skill-competition/user-manager/frontend/.npm-cache/_logs/2025-11-21T10_35_37_244Z-
10 verbose logfile /Users/zhangzhuang/IdeaProjects/skill-competition/user-manager/frontend/.npm-cache/_logs/2025-11-21T10_35_37_244Z-debug-0.log
11 silly logfile done cleaning log files
12 silly packumentCache heap:4345298944 maxSize:1086324736 maxEntrySize:543162368
13 http fetch GET https://registry.npmjs.org/npm attempt 1 failed with ENOTFOUND
14 silly idealTree buildDeps
15 silly reify mark retired [
15 silly reify   '/Users/zhangzhuang/IdeaProjects/skill-competition/user-manager/frontend/node_modules/asynckit'
15 silly reify ]
16 silly reify mark retired [
16 silly reify   '/Users/zhangzhuang/IdeaProjects/skill-competition/user-manager/frontend/node_modules/async-validator'
16 silly reify ]
17 silly reify mark retired [
17 silly reify   '/Users/zhangzhuang/IdeaProjects/skill-competition/user-manager/frontend/node_modules/axios'
17 silly reify ]
18 silly reify mark retired [
18 silly reify   '/Users/zhangzhuang/IdeaProjects/skill-competition/user-manager/frontend/node_modules/combined-stream'
18 silly reify ]
19 silly reify mark retired [
19 silly reify   '/Users/zhangzhuang/IdeaProjects/skill-competition/user-manager/frontend/node_modules/csstype'
19 silly reify ]
20 silly reify mark retired [
20 silly reify   '/Users/zhangzhuang/IdeaProjects/skill-competition/user-manager/frontend/node_modules/dayjs'
20 silly reify ]
21 silly reify mark retired [
21 silly reify   '/Users/zhangzhuang/IdeaProjects/skill-competition/user-manager/frontend/node_modules/delayed-stream'
21 silly reify ]
22 silly reify mark retired [
22 silly reify   '/Users/zhangzhuang/IdeaProjects/skill-competition/user-manager/frontend/node_modules/element-plus'
22 silly reify ]
23 silly reify mark retired [
23 silly reify   '/Users/zhangzhuang/IdeaProjects/skill-competition/user-manager/frontend/node_modules/follow-redirects'
23 silly reify ]
24 silly reify mark retired [
24 silly reify   '/Users/zhangzhuang/IdeaProjects/skill-competition/user-manager/frontend/node_modules/fdir'
24 silly reify ]
25 silly reify mark retired [
25 silly reify   '/Users/zhangzhuang/IdeaProjects/skill-competition/user-manager/frontend/node_modules/form-data'
25 silly reify ]
26 silly reify mark retired [
26 silly reify   '/Users/zhangzhuang/IdeaProjects/skill-competition/user-manager/frontend/node_modules/lodash-unified'
26 silly reify ]
27 silly reify mark retired [
27 silly reify   '/Users/zhangzhuang/IdeaProjects/skill-competition/user-manager/frontend/node_modules/lodash-es'
27 silly reify ]
28 silly reify mark retired [
28 silly reify   '/Users/zhangzhuang/IdeaProjects/skill-competition/user-manager/frontend/node_modules/memoize-one'
28 silly reify ]
29 silly reify mark retired [
29 silly reify   '/Users/zhangzhuang/IdeaProjects/skill-competition/user-manager/frontend/node_modules/mime-db'
29 silly reify ]
30 silly reify mark retired [
30 silly reify   '/Users/zhangzhuang/IdeaProjects/skill-competition/user-manager/frontend/node_modules/mime-types'
30 silly reify ]
31 silly reify mark retired [
31 silly reify   '/Users/zhangzhuang/IdeaProjects/skill-competition/user-manager/frontend/node_modules/normalize-wheel-es'
31 silly reify ]
32 silly reify mark retired [
32 silly reify   '/Users/zhangzhuang/IdeaProjects/skill-competition/user-manager/frontend/node_modules/picomatch'
32 silly reify ]
33 silly reify mark retired [
33 silly reify   '/Users/zhangzhuang/IdeaProjects/skill-competition/user-manager/frontend/node_modules/proxy-from-env'
33 silly reify ]
34 silly reify mark retired [
34 silly reify   '/Users/zhangzhuang/IdeaProjects/skill-competition/user-manager/frontend/node_modules/tinyglobby'
34 silly reify ]
35 silly reify mark retired [
35 silly reify   '/Users/zhangzhuang/IdeaProjects/skill-competition/user-manager/frontend/node_modules/vite'
35 silly reify ]
36 silly reify mark retired [
36 silly reify   '/Users/zhangzhuang/IdeaProjects/skill-competition/user-manager/frontend/node_modules/vue'
36 silly reify ]
37 silly reify mark retired [
37 silly reify   '/Users/zhangzhuang/IdeaProjects/skill-competition/user-manager/frontend/node_modules/vue-router'
37 silly reify ]
38 silly reify mark retired [
38 silly reify   '/Users/zhangzhuang/IdeaProjects/skill-competition/user-manager/frontend/node_modules/@ctrl/tinycolor'
38 silly reify ]
39 silly reify mark retired [
39 silly reify   '/Users/zhangzhuang/IdeaProjects/skill-competition/user-manager/frontend/node_modules/@esbuild/aix-ppc64'
39 silly reify ]
40 silly reify mark retired [
40 silly reify   '/Users/zhangzhuang/IdeaProjects/skill-competition/user-manager/frontend/node_modules/@esbuild/android-arm'
40 silly reify ]
41 silly reify mark retired [
41 silly reify   '/Users/zhangzhuang/IdeaProjects/skill-competition/user-manager/frontend/node_modules/@esbuild/android-arm64'
41 silly reify ]
42 silly reify mark retired [
42 silly reify   '/Users/zhangzhuang/IdeaProjects/skill-competition/user-manager/frontend/node_modules/@esbuild/darwin-x64'
42 silly reify ]
43 silly reify mark retired [
43 silly reify   '/Users/zhangzhuang/IdeaProjects/skill-competition/user-manager/frontend/node_modules/@esbuild/freebsd-arm64'
43 silly reify ]
44 silly reify mark retired [
44 silly reify   '/Users/zhangzhuang/IdeaProjects/skill-competition/user-manager/frontend/node_modules/@esbuild/android-x64'
44 silly reify ]
45 silly reify mark retired [
45 silly reify   '/Users/zhangzhuang/IdeaProjects/skill-competition/user-manager/frontend/node_modules/@esbuild/freebsd-x64'
45 silly reify ]
46 silly reify mark retired [
46 silly reify   '/Users/zhangzhuang/IdeaProjects/skill-competition/user-manager/frontend/node_modules/@esbuild/linux-arm'
46 silly reify ]
47 silly reify mark retired [
47 silly reify   '/Users/zhangzhuang/IdeaProjects/skill-competition/user-manager/frontend/node_modules/@esbuild/linux-arm64'
47 silly reify ]
48 silly reify mark retired [
48 silly reify   '/Users/zhangzhuang/IdeaProjects/skill-competition/user-manager/frontend/node_modules/@esbuild/linux-ia32'
48 silly reify ]
49 silly reify mark retired [
49 silly reify   '/Users/zhangzhuang/IdeaProjects/skill-competition/user-manager/frontend/node_modules/@esbuild/linux-loong64'
49 silly reify ]
50 silly reify mark retired [
50 silly reify   '/Users/zhangzhuang/IdeaProjects/skill-competition/user-manager/frontend/node_modules/@esbuild/linux-ppc64'
50 silly reify ]
51 silly reify mark retired [
51 silly reify   '/Users/zhangzhuang/IdeaProjects/skill-competition/user-manager/frontend/node_modules/@esbuild/linux-riscv64'
51 silly reify ]
52 silly reify mark retired [
52 silly reify   '/Users/zhangzhuang/IdeaProjects/skill-competition/user-manager/frontend/node_modules/@esbuild/linux-mips64el'
52 silly reify ]
53 silly reify mark retired [
53 silly reify   '/Users/zhangzhuang/IdeaProjects/skill-competition/user-manager/frontend/node_modules/@esbuild/linux-x64'
53 silly reify ]
54 silly reify mark retired [
54 silly reify   '/Users/zhangzhuang/IdeaProjects/skill-competition/user-manager/frontend/node_modules/@esbuild/linux-s390x'
54 silly reify ]
55 silly reify mark retired [
55 silly reify   '/Users/zhangzhuang/IdeaProjects/skill-competition/user-manager/frontend/node_modules/@esbuild/netbsd-arm64'
55 silly reify ]
56 silly reify mark retired [
56 silly reify   '/Users/zhangzhuang/IdeaProjects/skill-competition/user-manager/frontend/node_modules/@esbuild/openbsd-arm64'
56 silly reify ]
57 silly reify mark retired [
57 silly reify   '/Users/zhangzhuang/IdeaProjects/skill-competition/user-manager/frontend/node_modules/@esbuild/netbsd-x64'
57 silly reify ]
58 silly reify mark retired [
58 silly reify   '/Users/zhangzhuang/IdeaProjects/skill-competition/user-manager/frontend/node_modules/@esbuild/sunos-x64'
58 silly reify ]
59 silly reify mark retired [
59 silly reify   '/Users/zhangzhuang/IdeaProjects/skill-competition/user-manager/frontend/node_modules/@esbuild/openbsd-x64'
59 silly reify ]
60 silly reify mark retired [
60 silly reify   '/Users/zhangzhuang/IdeaProjects/skill-competition/user-manager/frontend/node_modules/@esbuild/openharmony-arm64'
60 silly reify ]
61 silly reify mark retired [
61 silly reify   '/Users/zhangzhuang/IdeaProjects/skill-competition/user-manager/frontend/node_modules/@esbuild/win32-ia32'
61 silly reify ]
62 silly reify mark retired [
62 silly reify   '/Users/zhangzhuang/IdeaProjects/skill-competition/user-manager/frontend/node_modules/@element-plus/icons-vue'
62 silly reify ]
63 silly reify mark retired [
63 silly reify   '/Users/zhangzhuang/IdeaProjects/skill-competition/user-manager/frontend/node_modules/@esbuild/win32-x64'
63 silly reify ]
64 silly reify mark retired [
64 silly reify   '/Users/zhangzhuang/IdeaProjects/skill-competition/user-manager/frontend/node_modules/@esbuild/win32-arm64'
64 silly reify ]
65 silly reify mark retired [
65 silly reify   '/Users/zhangzhuang/IdeaProjects/skill-competition/user-manager/frontend/node_modules/@floating-ui/core'
65 silly reify ]
66 silly reify mark retired [
66 silly reify   '/Users/zhangzhuang/IdeaProjects/skill-competition/user-manager/frontend/node_modules/@floating-ui/dom'
66 silly reify ]
67 silly reify mark retired [
67 silly reify   '/Users/zhangzhuang/IdeaProjects/skill-competition/user-manager/frontend/node_modules/@floating-ui/utils'
67 silly reify ]
68 silly reify mark retired [
68 silly reify   '/Users/zhangzhuang/IdeaProjects/skill-competition/user-manager/frontend/node_modules/@popperjs/core'
68 silly reify ]
69 silly reify mark retired [
69 silly reify   '/Users/zhangzhuang/IdeaProjects/skill-competition/user-manager/frontend/node_modules/@rolldown/pluginutils'
69 silly reify ]
70 silly reify mark retired [
70 silly reify   '/Users/zhangzhuang/IdeaProjects/skill-competition/user-manager/frontend/node_modules/@rollup/rollup-android-arm64'
70 silly reify ]
71 silly reify mark retired [
71 silly reify   '/Users/zhangzhuang/IdeaProjects/skill-competition/user-manager/frontend/node_modules/@rollup/rollup-darwin-x64'
71 silly reify ]
72 silly reify mark retired [
72 silly reify   '/Users/zhangzhuang/IdeaProjects/skill-competition/user-manager/frontend/node_modules/@rollup/rollup-freebsd-arm64'
72 silly reify ]
73 silly reify mark retired [
73 silly reify   '/Users/zhangzhuang/IdeaProjects/skill-competition/user-manager/frontend/node_modules/@rollup/rollup-freebsd-x64'
73 silly reify ]
74 silly reify mark retired [
74 silly reify   '/Users/zhangzhuang/IdeaProjects/skill-competition/user-manager/frontend/node_modules/@rollup/rollup-linux-arm-gnueabihf'
74 silly reify ]
75 silly reify mark retired [
75 silly reify   '/Users/zhangzhuang/IdeaProjects/skill-competition/user-manager/frontend/node_modules/@rollup/rollup-android-arm-eabi'
75 silly reify ]
76 silly reify mark retired [
76 silly reify   '/Users/zhangzhuang/IdeaProjects/skill-competition/user-manager/frontend/node_modules/@rollup/rollup-linux-arm-musleabihf'
76 silly reify ]
77 silly reify mark retired [
77 silly reify   '/Users/zhangzhuang/IdeaProjects/skill-competition/user-manager/frontend/node_modules/@rollup/rollup-linux-arm64-gnu'
77 silly reify ]
78 silly reify mark retired [
78 silly reify   '/Users/zhangzhuang/IdeaProjects/skill-competition/user-manager/frontend/node_modules/@rollup/rollup-linux-arm64-musl'
78 silly reify ]
79 silly reify mark retired [
79 silly reify   '/Users/zhangzhuang/IdeaProjects/skill-competition/user-manager/frontend/node_modules/@rollup/rollup-linux-loong64-gnu'
79 silly reify ]
80 silly reify mark retired [
80 silly reify   '/Users/zhangzhuang/IdeaProjects/skill-competition/user-manager/frontend/node_modules/@rollup/rollup-linux-ppc64-gnu'
80 silly reify ]
81 silly reify mark retired [
81 silly reify   '/Users/zhangzhuang/IdeaProjects/skill-competition/user-manager/frontend/node_modules/@rollup/rollup-linux-riscv64-gnu'
81 silly reify ]
82 silly reify mark retired [
82 silly reify   '/Users/zhangzhuang/IdeaProjects/skill-competition/user-manager/frontend/node_modules/@rollup/rollup-linux-s390x-gnu'
82 silly reify ]
83 silly reify mark retired [
83 silly reify   '/Users/zhangzhuang/IdeaProjects/skill-competition/user-manager/frontend/node_modules/@rollup/rollup-linux-riscv64-musl'
83 silly reify ]
84 silly reify mark retired [
84 silly reify   '/Users/zhangzhuang/IdeaProjects/skill-competition/user-manager/frontend/node_modules/@rollup/rollup-linux-x64-gnu'
84 silly reify ]
85 silly reify mark retired [
85 silly reify   '/Users/zhangzhuang/IdeaProjects/skill-competition/user-manager/frontend/node_modules/@rollup/rollup-linux-x64-musl'
85 silly reify ]
86 silly reify mark retired [
86 silly reify   '/Users/zhangzhuang/IdeaProjects/skill-competition/user-manager/frontend/node_modules/@rollup/rollup-openharmony-arm64'
86 silly reify ]
87 silly reify mark retired [
87 silly reify   '/Users/zhangzhuang/IdeaProjects/skill-competition/user-manager/frontend/node_modules/@rollup/rollup-win32-arm64-msvc'
87 silly reify ]
88 silly reify mark retired [
88 silly reify   '/Users/zhangzhuang/IdeaProjects/skill-competition/user-manager/frontend/node_modules/@rollup/rollup-win32-ia32-msvc'
88 silly reify ]
89 silly reify mark retired [
89 silly reify   '/Users/zhangzhuang/IdeaProjects/skill-competition/user-manager/frontend/node_modules/@rollup/rollup-win32-x64-gnu'
89 silly reify ]
90 silly reify mark retired [
90 silly reify   '/Users/zhangzhuang/IdeaProjects/skill-competition/user-manager/frontend/node_modules/@rollup/rollup-win32-x64-msvc'
90 silly reify ]
91 silly reify mark retired [
91 silly reify   '/Users/zhangzhuang/IdeaProjects/skill-competition/user-manager/frontend/node_modules/@types/lodash'
91 silly reify ]
92 silly reify mark retired [
92 silly reify   '/Users/zhangzhuang/IdeaProjects/skill-competition/user-manager/frontend/node_modules/@types/lodash-es'
92 silly reify ]
93 silly reify mark retired [
93 silly reify   '/Users/zhangzhuang/IdeaProjects/skill-competition/user-manager/frontend/node_modules/@types/web-bluetooth'
93 silly reify ]
94 silly reify mark retired [
94 silly reify   '/Users/zhangzhuang/IdeaProjects/skill-competition/user-manager/frontend/node_modules/@vitejs/plugin-vue'
94 silly reify ]
95 silly reify mark retired [
95 silly reify   '/Users/zhangzhuang/IdeaProjects/skill-competition/user-manager/frontend/node_modules/@vue/compiler-core'
95 silly reify ]
96 silly reify mark retired [
96 silly reify   '/Users/zhangzhuang/IdeaProjects/skill-competition/user-manager/frontend/node_modules/@vue/compiler-dom'
96 silly reify ]
97 silly reify mark retired [
97 silly reify   '/Users/zhangzhuang/IdeaProjects/skill-competition/user-manager/frontend/node_modules/@vue/compiler-sfc'
97 silly reify ]
98 silly reify mark retired [
98 silly reify   '/Users/zhangzhuang/IdeaProjects/skill-competition/user-manager/frontend/node_modules/@vue/compiler-ssr'
98 silly reify ]
99 silly reify mark retired [
99 silly reify   '/Users/zhangzhuang/IdeaProjects/skill-competition/user-manager/frontend/node_modules/@vue/reactivity'
99 silly reify ]
100 silly reify mark retired [
100 silly reify   '/Users/zhangzhuang/IdeaProjects/skill-competition/user-manager/frontend/node_modules/@vue/runtime-core'
100 silly reify ]
101 silly reify mark retired [
101 silly reify   '/Users/zhangzhuang/IdeaProjects/skill-competition/user-manager/frontend/node_modules/@vue/devtools-api'
101 silly reify ]
102 silly reify mark retired [
102 silly reify   '/Users/zhangzhuang/IdeaProjects/skill-competition/user-manager/frontend/node_modules/@vue/runtime-dom'
102 silly reify ]
103 silly reify mark retired [
103 silly reify   '/Users/zhangzhuang/IdeaProjects/skill-competition/user-manager/frontend/node_modules/@vue/server-renderer'
103 silly reify ]
104 silly reify mark retired [
104 silly reify   '/Users/zhangzhuang/IdeaProjects/skill-competition/user-manager/frontend/node_modules/@vue/shared'
104 silly reify ]
105 silly reify mark retired [
105 silly reify   '/Users/zhangzhuang/IdeaProjects/skill-competition/user-manager/frontend/node_modules/@vueuse/metadata'
105 silly reify ]
106 silly reify mark retired [
106 silly reify   '/Users/zhangzhuang/IdeaProjects/skill-competition/user-manager/frontend/node_modules/@vueuse/core'
106 silly reify ]
107 silly reify mark retired [
107 silly reify   '/Users/zhangzhuang/IdeaProjects/skill-competition/user-manager/frontend/node_modules/@vueuse/shared'
107 silly reify ]
108 silly reify mark retired [
108 silly reify   '/Users/zhangzhuang/IdeaProjects/skill-competition/user-manager/frontend/node_modules/esbuild',
108 silly reify   '/Users/zhangzhuang/IdeaProjects/skill-competition/user-manager/frontend/node_modules/.bin/esbuild'
108 silly reify ]
109 silly reify mark retired [
109 silly reify   '/Users/zhangzhuang/IdeaProjects/skill-competition/user-manager/frontend/node_modules/rollup',
109 silly reify   '/Users/zhangzhuang/IdeaProjects/skill-competition/user-manager/frontend/node_modules/.bin/rollup'
109 silly reify ]
110 silly reify mark retired [
110 silly reify   '/Users/zhangzhuang/IdeaProjects/skill-competition/user-manager/frontend/node_modules/nanoid',
110 silly reify   '/Users/zhangzhuang/IdeaProjects/skill-competition/user-manager/frontend/node_modules/.bin/nanoid'
110 silly reify ]
111 silly reify mark retired [
111 silly reify   '/Users/zhangzhuang/IdeaProjects/skill-competition/user-manager/frontend/node_modules/@babel/parser',
111 silly reify   '/Users/zhangzhuang/IdeaProjects/skill-competition/user-manager/frontend/node_modules/.bin/parser'
111 silly reify ]
112 silly reify moves {
112 silly reify   '/Users/zhangzhuang/IdeaProjects/skill-competition/user-manager/frontend/node_modules/asynckit': '/Users/zhangzhuang/IdeaProjects/skill-competition/user-manager/frontend/node_modules/.asynckit-xR6vzQR6',
112 silly reify   '/Users/zhangzhuang/IdeaProjects/skill-competition/user-manager/frontend/node_modules/async-validator': '/Users/zhangzhuang/IdeaProjects/skill-competition/user-manager/frontend/node_modules/.async-validator-XAiRBw8j',
112 silly reify   '/Users/zhangzhuang/IdeaProjects/skill-competition/user-manager/frontend/node_modules/axios': '/Users/zhangzhuang/IdeaProjects/skill-competition/user-manager/frontend/node_modules/.axios-u6zQUosE',
112 silly reify   '/Users/zhangzhuang/IdeaProjects/skill-competition/user-manager/frontend/node_modules/combined-stream': '/Users/zhangzhuang/IdeaProjects/skill-competition/user-manager/frontend/node_modules/.combined-stream-jMubgBU1',
112 silly reify   '/Users/zhangzhuang/IdeaProjects/skill-competition/user-manager/frontend/node_modules/csstype': '/Users/zhangzhuang/IdeaProjects/skill-competition/user-manager/frontend/node_modules/.csstype-8N29eouQ',
112 silly reify   '/Users/zhangzhuang/IdeaProjects/skill-competition/user-manager/frontend/node_modules/dayjs': '/Users/zhangzhuang/IdeaProjects/skill-competition/user-manager/frontend/node_modules/.dayjs-bUp2vX59',
112 silly reify   '/Users/zhangzhuang/IdeaProjects/skill-competition/user-manager/frontend/node_modules/delayed-stream': '/Users/zhangzhuang/IdeaProjects/skill-competition/user-manager/frontend/node_modules/.delayed-stream-9ELds2x5',
112 silly reify   '/Users/zhangzhuang/IdeaProjects/skill-competition/user-manager/frontend/node_modules/element-plus': '/Users/zhangzhuang/IdeaProjects/skill-competition/user-manager/frontend/node_modules/.element-plus-VjAowrTp',
112 silly reify   '/Users/zhangzhuang/IdeaProjects/skill-competition/user-manager/frontend/node_modules/follow-redirects': '/Users/zhangzhuang/IdeaProjects/skill-competition/user-manager/frontend/node_modules/.follow-redirects-Xs9wo35E',
112 silly reify   '/Users/zhangzhuang/IdeaProjects/skill-competition/user-manager/frontend/node_modules/fdir': '/Users/zhangzhuang/IdeaProjects/skill-competition/user-manager/frontend/node_modules/.fdir-BQxR5I3H',
112 silly reify   '/Users/zhangzhuang/IdeaProjects/skill-competition/user-manager/frontend/node_modules/form-data': '/Users/zhangzhuang/IdeaProjects/skill-competition/user-manager/frontend/node_modules/.form-data-G007QKxM',
112 silly reify   '/Users/zhangzhuang/IdeaProjects/skill-competition/user-manager/frontend/node_modules/lodash-unified': '/Users/zhangzhuang/IdeaProjects/skill-competition/user-manager/frontend/node_modules/.lodash-unified-CUtHGXbD',
112 silly reify   '/Users/zhangzhuang/IdeaProjects/skill-competition/user-manager/frontend/node_modules/lodash-es': '/Users/zhangzhuang/IdeaProjects/skill-competition/user-manager/frontend/node_modules/.lodash-es-74HFxTip',
112 silly reify   '/Users/zhangzhuang/IdeaProjects/skill-competition/user-manager/frontend/node_modules/memoize-one': '/Users/zhangzhuang/IdeaProjects/skill-competition/user-manager/frontend/node_modules/.memoize-one-gWs30tU4',
112 silly reify   '/Users/zhangzhuang/IdeaProjects/skill-competition/user-manager/frontend/node_modules/mime-db': '/Users/zhangzhuang/IdeaProjects/skill-competition/user-manager/frontend/node_modules/.mime-db-IVrIu006',
112 silly reify   '/Users/zhangzhuang/IdeaProjects/skill-competition/user-manager/frontend/node_modules/mime-types': '/Users/zhangzhuang/IdeaProjects/skill-competition/user-manager/frontend/node_modules/.mime-types-QCOm40Tm',
112 silly reify   '/Users/zhangzhuang/IdeaProjects/skill-competition/user-manager/frontend/node_modules/normalize-wheel-es': '/Users/zhangzhuang/IdeaProjects/skill-competition/user-manager/frontend/node_modules/.normalize-wheel-es-0qjPRPSN',
112 silly reify   '/Users/zhangzhuang/IdeaProjects/skill-competition/user-manager/frontend/node_modules/picomatch': '/Users/zhangzhuang/IdeaProjects/skill-competition/user-manager/frontend/node_modules/.picomatch-WcDs0iSf',
112 silly reify   '/Users/zhangzhuang/IdeaProjects/skill-competition/user-manager/frontend/node_modules/proxy-from-env': '/Users/zhangzhuang/IdeaProjects/skill-competition/user-manager/frontend/node_modules/.proxy-from-env-FaVNywr7',
112 silly reify   '/Users/zhangzhuang/IdeaProjects/skill-competition/user-manager/frontend/node_modules/tinyglobby': '/Users/zhangzhuang/IdeaProjects/skill-competition/user-manager/frontend/node_modules/.tinyglobby-1ie3Yzqr',
112 silly reify   '/Users/zhangzhuang/IdeaProjects/skill-competition/user-manager/frontend/node_modules/vite': '/Users/zhangzhuang/IdeaProjects/skill-competition/user-manager/frontend/node_modules/.vite-26XOZmpn',
112 silly reify   '/Users/zhangzhuang/IdeaProjects/skill-competition/user-manager/frontend/node_modules/vue': '/Users/zhangzhuang/IdeaProjects/skill-competition/user-manager/frontend/node_modules/.vue-qWVHmxA9',
112 silly reify   '/Users/zhangzhuang/IdeaProjects/skill-competition/user-manager/frontend/node_modules/vue-router': '/Users/zhangzhuang/IdeaProjects/skill-competition/user-manager/frontend/node_modules/.vue-router-KKiHhLeL',
112 silly reify   '/Users/zhangzhuang/IdeaProjects/skill-competition/user-manager/frontend/node_modules/@ctrl/tinycolor': '/Users/zhangzhuang/IdeaProjects/skill-competition/user-manager/frontend/node_modules/@ctrl/.tinycolor-6o6gmfoa',
112 silly reify   '/Users/zhangzhuang/IdeaProjects/skill-competition/user-manager/frontend/node_modules/@esbuild/aix-ppc64': '/Users/zhangzhuang/IdeaProjects/skill-competition/user-manager/frontend/node_modules/@esbuild/.aix-ppc64-TCeaLcnt',
112 silly reify   '/Users/zhangzhuang/IdeaProjects/skill-competition/user-manager/frontend/node_modules/@esbuild/android-arm': '/Users/zhangzhuang/IdeaProjects/skill-competition/user-manager/frontend/node_modules/@esbuild/.android-arm-Ut1J0W7z',
112 silly reify   '/Users/zhangzhuang/IdeaProjects/skill-competition/user-manager/frontend/node_modules/@esbuild/android-arm64': '/Users/zhangzhuang/IdeaProjects/skill-competition/user-manager/frontend/node_modules/@esbuild/.android-arm64-1EGkFT3R',
112 silly reify   '/Users/zhangzhuang/IdeaProjects/skill-competition/user-manager/frontend/node_modules/@esbuild/darwin-x64': '/Users/zhangzhuang/IdeaProjects/skill-competition/user-manager/frontend/node_modules/@esbuild/.darwin-x64-bDb0zdXF',
112 silly reify   '/Users/zhangzhuang/IdeaProjects/skill-competition/user-manager/frontend/node_modules/@esbuild/freebsd-arm64': '/Users/zhangzhuang/IdeaProjects/skill-competition/user-manager/frontend/node_modules/@esbuild/.freebsd-arm64-KZ1jjlCl',
112 silly reify   '/Users/zhangzhuang/IdeaProjects/skill-competition/user-manager/frontend/node_modules/@esbuild/android-x64': '/Users/zhangzhuang/IdeaProjects/skill-competition/user-manager/frontend/node_modules/@esbuild/.android-x64-4VkDJDll',
112 silly reify   '/Users/zhangzhuang/IdeaProjects/skill-competition/user-manager/frontend/node_modules/@esbuild/freebsd-x64': '/Users/zhangzhuang/IdeaProjects/skill-competition/user-manager/frontend/node_modules/@esbuild/.freebsd-x64-PxJVDMC4',
112 silly reify   '/Users/zhangzhuang/IdeaProjects/skill-competition/user-manager/frontend/node_modules/@esbuild/linux-arm': '/Users/zhangzhuang/IdeaProjects/skill-competition/user-manager/frontend/node_modules/@esbuild/.linux-arm-HoYbQosh',
112 silly reify   '/Users/zhangzhuang/IdeaProjects/skill-competition/user-manager/frontend/node_modules/@esbuild/linux-arm64': '/Users/zhangzhuang/IdeaProjects/skill-competition/user-manager/frontend/node_modules/@esbuild/.linux-arm64-1dH34tR0',
112 silly reify   '/Users/zhangzhuang/IdeaProjects/skill-competition/user-manager/frontend/node_modules/@esbuild/linux-ia32': '/Users/zhangzhuang/IdeaProjects/skill-competition/user-manager/frontend/node_modules/@esbuild/.linux-ia32-07ycJCZa',
112 silly reify   '/Users/zhangzhuang/IdeaProjects/skill-competition/user-manager/frontend/node_modules/@esbuild/linux-loong64': '/Users/zhangzhuang/IdeaProjects/skill-competition/user-manager/frontend/node_modules/@esbuild/.linux-loong64-Yg6Mh1jd',
112 silly reify   '/Users/zhangzhuang/IdeaProjects/skill-competition/user-manager/frontend/node_modules/@esbuild/linux-ppc64': '/Users/zhangzhuang/IdeaProjects/skill-competition/user-manager/frontend/node_modules/@esbuild/.linux-ppc64-dbIm6b8C',
112 silly reify   '/Users/zhangzhuang/IdeaProjects/skill-competition/user-manager/frontend/node_modules/@esbuild/linux-riscv64': '/Users/zhangzhuang/IdeaProjects/skill-competition/user-manager/frontend/node_modules/@esbuild/.linux-riscv64-Kv6OZHhZ',
112 silly reify   '/Users/zhangzhuang/IdeaProjects/skill-competition/user-manager/frontend/node_modules/@esbuild/linux-mips64el': '/Users/zhangzhuang/IdeaProjects/skill-competition/user-manager/frontend/node_modules/@esbuild/.linux-mips64el-yFcsvvQC',
112 silly reify   '/Users/zhangzhuang/IdeaProjects/skill-competition/user-manager/frontend/node_modules/@esbuild/linux-x64': '/Users/zhangzhuang/IdeaProjects/skill-competition/user-manager/frontend/node_modules/@esbuild/.linux-x64-KycMLCzD',
112 silly reify   '/Users/zhangzhuang/IdeaProjects/skill-competition/user-manager/frontend/node_modules/@esbuild/linux-s390x': '/Users/zhangzhuang/IdeaProjects/skill-competition/user-manager/frontend/node_modules/@esbuild/.linux-s390x-cpEIKKGr',
112 silly reify   '/Users/zhangzhuang/IdeaProjects/skill-competition/user-manager/frontend/node_modules/@esbuild/netbsd-arm64': '/Users/zhangzhuang/IdeaProjects/skill-competition/user-manager/frontend/node_modules/@esbuild/.netbsd-arm64-ryvbCnBn',
112 silly reify   '/Users/zhangzhuang/IdeaProjects/skill-competition/user-manager/frontend/node_modules/@esbuild/openbsd-arm64': '/Users/zhangzhuang/IdeaProjects/skill-competition/user-manager/frontend/node_modules/@esbuild/.openbsd-arm64-cPvYYBAn',
112 silly reify   '/Users/zhangzhuang/IdeaProjects/skill-competition/user-manager/frontend/node_modules/@esbuild/netbsd-x64': '/Users/zhangzhuang/IdeaProjects/skill-competition/user-manager/frontend/node_modules/@esbuild/.netbsd-x64-Fpl1Bqkk',
112 silly reify   '/Users/zhangzhuang/IdeaProjects/skill-competition/user-manager/frontend/node_modules/@esbuild/sunos-x64': '/Users/zhangzhuang/IdeaProjects/skill-competition/user-manager/frontend/node_modules/@esbuild/.sunos-x64-yMezQMdH',
112 silly reify   '/Users/zhangzhuang/IdeaProjects/skill-competition/user-manager/frontend/node_modules/@esbuild/openbsd-x64': '/Users/zhangzhuang/IdeaProjects/skill-competition/user-manager/frontend/node_modules/@esbuild/.openbsd-x64-byns8h5K',
112 silly reify   '/Users/zhangzhuang/IdeaProjects/skill-competition/user-manager/frontend/node_modules/@esbuild/openharmony-arm64': '/Users/zhangzhuang/IdeaProjects/skill-competition/user-manager/frontend/node_modules/@esbuild/.openharmony-arm64-v7Dyv3OI',
112 silly reify   '/Users/zhangzhuang/IdeaProjects/skill-competition/user-manager/frontend/node_modules/@esbuild/win32-ia32': '/Users/zhangzhuang/IdeaProjects/skill-competition/user-manager/frontend/node_modules/@esbuild/.win32-ia32-C581h7tU',
112 silly reify   '/Users/zhangzhuang/IdeaProjects/skill-competition/user-manager/frontend/node_modules/@element-plus/icons-vue': '/Users/zhangzhuang/IdeaProjects/skill-competition/user-manager/frontend/node_modules/@element-plus/.icons-vue-1sBxxPoK',
112 silly reify   '/Users/zhangzhuang/IdeaProjects/skill-competition/user-manager/frontend/node_modules/@esbuild/win32-x64': '/Users/zhangzhuang/IdeaProjects/skill-competition/user-manager/frontend/node_modules/@esbuild/.win32-x64-IvVdPkY3',
112 silly reify   '/Users/zhangzhuang/IdeaProjects/skill-competition/user-manager/frontend/node_modules/@esbuild/win32-arm64': '/Users/zhangzhuang/IdeaProjects/skill-competition/user-manager/frontend/node_modules/@esbuild/.win32-arm64-kt16nqOg',
112 silly reify   '/Users/zhangzhuang/IdeaProjects/skill-competition/user-manager/frontend/node_modules/@floating-ui/core': '/Users/zhangzhuang/IdeaProjects/skill-competition/user-manager/frontend/node_modules/@floating-ui/.core-Gdw4d61y',
112 silly reify   '/Users/zhangzhuang/IdeaProjects/skill-competition/user-manager/frontend/node_modules/@floating-ui/dom': '/Users/zhangzhuang/IdeaProjects/skill-competition/user-manager/frontend/node_modules/@floating-ui/.dom-2lt26RZd',
112 silly reify   '/Users/zhangzhuang/IdeaProjects/skill-competition/user-manager/frontend/node_modules/@floating-ui/utils': '/Users/zhangzhuang/IdeaProjects/skill-competition/user-manager/frontend/node_modules/@floating-ui/.utils-L0zJQSHn',
112 silly reify   '/Users/zhangzhuang/IdeaProjects/skill-competition/user-manager/frontend/node_modules/@popperjs/core': '/Users/zhangzhuang/IdeaProjects/skill-competition/user-manager/frontend/node_modules/@popperjs/.core-60MFWaJU',
112 silly reify   '/Users/zhangzhuang/IdeaProjects/skill-competition/user-manager/frontend/node_modules/@rolldown/pluginutils': '/Users/zhangzhuang/IdeaProjects/skill-competition/user-manager/frontend/node_modules/@rolldown/.pluginutils-PlO8uS3v',
112 silly reify   '/Users/zhangzhuang/IdeaProjects/skill-competition/user-manager/frontend/node_modules/@rollup/rollup-android-arm64': '/Users/zhangzhuang/IdeaProjects/skill-competition/user-manager/frontend/node_modules/@rollup/.rollup-android-arm64-YcZGrUvs',
112 silly reify   '/Users/zhangzhuang/IdeaProjects/skill-competition/user-manager/frontend/node_modules/@rollup/rollup-darwin-x64': '/Users/zhangzhuang/IdeaProjects/skill-competition/user-manager/frontend/node_modules/@rollup/.rollup-darwin-x64-HcKdQxwc',
112 silly reify   '/Users/zhangzhuang/IdeaProjects/skill-competition/user-manager/frontend/node_modules/@rollup/rollup-freebsd-arm64': '/Users/zhangzhuang/IdeaProjects/skill-competition/user-manager/frontend/node_modules/@rollup/.rollup-freebsd-arm64-mPzOJPvL',
112 silly reify   '/Users/zhangzhuang/IdeaProjects/skill-competition/user-manager/frontend/node_modules/@rollup/rollup-freebsd-x64': '/Users/zhangzhuang/IdeaProjects/skill-competition/user-manager/frontend/node_modules/@rollup/.rollup-freebsd-x64-N2DwuaGE',
112 silly reify   '/Users/zhangzhuang/IdeaProjects/skill-competition/user-manager/frontend/node_modules/@rollup/rollup-linux-arm-gnueabihf': '/Users/zhangzhuang/IdeaProjects/skill-competition/user-manager/frontend/node_modules/@rollup/.rollup-linux-arm-gnueabihf-cB7QqTWl',
112 silly reify   '/Users/zhangzhuang/IdeaProjects/skill-competition/user-manager/frontend/node_modules/@rollup/rollup-android-arm-eabi': '/Users/zhangzhuang/IdeaProjects/skill-competition/user-manager/frontend/node_modules/@rollup/.rollup-android-arm-eabi-nCt5VApm',
112 silly reify   '/Users/zhangzhuang/IdeaProjects/skill-competition/user-manager/frontend/node_modules/@rollup/rollup-linux-arm-musleabihf': '/Users/zhangzhuang/IdeaProjects/skill-competition/user-manager/frontend/node_modules/@rollup/.rollup-linux-arm-musleabihf-AepJKL6Y',
112 silly reify   '/Users/zhangzhuang/IdeaProjects/skill-competition/user-manager/frontend/node_modules/@rollup/rollup-linux-arm64-gnu': '/Users/zhangzhuang/IdeaProjects/skill-competition/user-manager/frontend/node_modules/@rollup/.rollup-linux-arm64-gnu-jt2rCp7O',
112 silly reify   '/Users/zhangzhuang/IdeaProjects/skill-competition/user-manager/frontend/node_modules/@rollup/rollup-linux-arm64-musl': '/Users/zhangzhuang/IdeaProjects/skill-competition/user-manager/frontend/node_modules/@rollup/.rollup-linux-arm64-musl-9TLs8c7L',
112 silly reify   '/Users/zhangzhuang/IdeaProjects/skill-competition/user-manager/frontend/node_modules/@rollup/rollup-linux-loong64-gnu': '/Users/zhangzhuang/IdeaProjects/skill-competition/user-manager/frontend/node_modules/@rollup/.rollup-linux-loong64-gnu-tcxs3Cr3',
112 silly reify   '/Users/zhangzhuang/IdeaProjects/skill-competition/user-manager/frontend/node_modules/@rollup/rollup-linux-ppc64-gnu': '/Users/zhangzhuang/IdeaProjects/skill-competition/user-manager/frontend/node_modules/@rollup/.rollup-linux-ppc64-gnu-xTUdu1Ka',
112 silly reify   '/Users/zhangzhuang/IdeaProjects/skill-competition/user-manager/frontend/node_modules/@rollup/rollup-linux-riscv64-gnu': '/Users/zhangzhuang/IdeaProjects/skill-competition/user-manager/frontend/node_modules/@rollup/.rollup-linux-riscv64-gnu-D8hCPYR3',
112 silly reify   '/Users/zhangzhuang/IdeaProjects/skill-competition/user-manager/frontend/node_modules/@rollup/rollup-linux-s390x-gnu': '/Users/zhangzhuang/IdeaProjects/skill-competition/user-manager/frontend/node_modules/@rollup/.rollup-linux-s390x-gnu-hfb7By21',
112 silly reify   '/Users/zhangzhuang/IdeaProjects/skill-competition/user-manager/frontend/node_modules/@rollup/rollup-linux-riscv64-musl': '/Users/zhangzhuang/IdeaProjects/skill-competition/user-manager/frontend/node_modules/@rollup/.rollup-linux-riscv64-musl-8KF0yKRl',
112 silly reify   '/Users/zhangzhuang/IdeaProjects/skill-competition/user-manager/frontend/node_modules/@rollup/rollup-linux-x64-gnu': '/Users/zhangzhuang/IdeaProjects/skill-competition/user-manager/frontend/node_modules/@rollup/.rollup-linux-x64-gnu-NWx6O3ET',
112 silly reify   '/Users/zhangzhuang/IdeaProjects/skill-competition/user-manager/frontend/node_modules/@rollup/rollup-linux-x64-musl': '/Users/zhangzhuang/IdeaProjects/skill-competition/user-manager/frontend/node_modules/@rollup/.rollup-linux-x64-musl-OvEKjvXz',
112 silly reify   '/Users/zhangzhuang/IdeaProjects/skill-competition/user-manager/frontend/node_modules/@rollup/rollup-openharmony-arm64': '/Users/zhangzhuang/IdeaProjects/skill-competition/user-manager/frontend/node_modules/@rollup/.rollup-openharmony-arm64-rHYvCMmk',
112 silly reify   '/Users/zhangzhuang/IdeaProjects/skill-competition/user-manager/frontend/node_modules/@rollup/rollup-win32-arm64-msvc': '/Users/zhangzhuang/IdeaProjects/skill-competition/user-manager/frontend/node_modules/@rollup/.rollup-win32-arm64-msvc-LFaHaWfA',
112 silly reify   '/Users/zhangzhuang/IdeaProjects/skill-competition/user-manager/frontend/node_modules/@rollup/rollup-win32-ia32-msvc': '/Users/zhangzhuang/IdeaProjects/skill-competition/user-manager/frontend/node_modules/@rollup/.rollup-win32-ia32-msvc-0FY3eCse',
112 silly reify   '/Users/zhangzhuang/IdeaProjects/skill-competition/user-manager/frontend/node_modules/@rollup/rollup-win32-x64-gnu': '/Users/zhangzhuang/IdeaProjects/skill-competition/user-manager/frontend/node_modules/@rollup/.rollup-win32-x64-gnu-yOxikcDP',
112 silly reify   '/Users/zhangzhuang/IdeaProjects/skill-competition/user-manager/frontend/node_modules/@rollup/rollup-win32-x64-msvc': '/Users/zhangzhuang/IdeaProjects/skill-competition/user-manager/frontend/node_modules/@rollup/.rollup-win32-x64-msvc-2uwohMMc',
112 silly reify   '/Users/zhangzhuang/IdeaProjects/skill-competition/user-manager/frontend/node_modules/@types/lodash': '/Users/zhangzhuang/IdeaProjects/skill-competition/user-manager/frontend/node_modules/@types/.lodash-JxePEgJI',
112 silly reify   '/Users/zhangzhuang/IdeaProjects/skill-competition/user-manager/frontend/node_modules/@types/lodash-es': '/Users/zhangzhuang/IdeaProjects/skill-competition/user-manager/frontend/node_modules/@types/.lodash-es-xZuonmlW',
112 silly reify   '/Users/zhangzhuang/IdeaProjects/skill-competition/user-manager/frontend/node_modules/@types/web-bluetooth': '/Users/zhangzhuang/IdeaProjects/skill-competition/user-manager/frontend/node_modules/@types/.web-bluetooth-4hSSZt7O',
112 silly reify   '/Users/zhangzhuang/IdeaProjects/skill-competition/user-manager/frontend/node_modules/@vitejs/plugin-vue': '/Users/zhangzhuang/IdeaProjects/skill-competition/user-manager/frontend/node_modules/@vitejs/.plugin-vue-HhSbaxrO',
112 silly reify   '/Users/zhangzhuang/IdeaProjects/skill-competition/user-manager/frontend/node_modules/@vue/compiler-core': '/Users/zhangzhuang/IdeaProjects/skill-competition/user-manager/frontend/node_modules/@vue/.compiler-core-h2pAdb5t',
112 silly reify   '/Users/zhangzhuang/IdeaProjects/skill-competition/user-manager/frontend/node_modules/@vue/compiler-dom': '/Users/zhangzhuang/IdeaProjects/skill-competition/user-manager/frontend/node_modules/@vue/.compiler-dom-WdAEpMFE',
112 silly reify   '/Users/zhangzhuang/IdeaProjects/skill-competition/user-manager/frontend/node_modules/@vue/compiler-sfc': '/Users/zhangzhuang/IdeaProjects/skill-competition/user-manager/frontend/node_modules/@vue/.compiler-sfc-0A81n8n8',
112 silly reify   '/Users/zhangzhuang/IdeaProjects/skill-competition/user-manager/frontend/node_modules/@vue/compiler-ssr': '/Users/zhangzhuang/IdeaProjects/skill-competition/user-manager/frontend/node_modules/@vue/.compiler-ssr-lOkxZpPl',
112 silly reify   '/Users/zhangzhuang/IdeaProjects/skill-competition/user-manager/frontend/node_modules/@vue/reactivity': '/Users/zhangzhuang/IdeaProjects/skill-competition/user-manager/frontend/node_modules/@vue/.reactivity-PLP3yyii',
112 silly reify   '/Users/zhangzhuang/IdeaProjects/skill-competition/user-manager/frontend/node_modules/@vue/runtime-core': '/Users/zhangzhuang/IdeaProjects/skill-competition/user-manager/frontend/node_modules/@vue/.runtime-core-gs9MHihM',
112 silly reify   '/Users/zhangzhuang/IdeaProjects/skill-competition/user-manager/frontend/node_modules/@vue/devtools-api': '/Users/zhangzhuang/IdeaProjects/skill-competition/user-manager/frontend/node_modules/@vue/.devtools-api-6ChSAOJ2',
112 silly reify   '/Users/zhangzhuang/IdeaProjects/skill-competition/user-manager/frontend/node_modules/@vue/runtime-dom': '/Users/zhangzhuang/IdeaProjects/skill-competition/user-manager/frontend/node_modules/@vue/.runtime-dom-HwfyOQDZ',
112 silly reify   '/Users/zhangzhuang/IdeaProjects/skill-competition/user-manager/frontend/node_modules/@vue/server-renderer': '/Users/zhangzhuang/IdeaProjects/skill-competition/user-manager/frontend/node_modules/@vue/.server-renderer-qPBWWjZh',
112 silly reify   '/Users/zhangzhuang/IdeaProjects/skill-competition/user-manager/frontend/node_modules/@vue/shared': '/Users/zhangzhuang/IdeaProjects/skill-competition/user-manager/frontend/node_modules/@vue/.shared-sW9SlGEL',
112 silly reify   '/Users/zhangzhuang/IdeaProjects/skill-competition/user-manager/frontend/node_modules/@vueuse/metadata': '/Users/zhangzhuang/IdeaProjects/skill-competition/user-manager/frontend/node_modules/@vueuse/.metadata-u8DbSRtR',
112 silly reify   '/Users/zhangzhuang/IdeaProjects/skill-competition/user-manager/frontend/node_modules/@vueuse/core': '/Users/zhangzhuang/IdeaProjects/skill-competition/user-manager/frontend/node_modules/@vueuse/.core-qUVTmdCG',
112 silly reify   '/Users/zhangzhuang/IdeaProjects/skill-competition/user-manager/frontend/node_modules/@vueuse/shared': '/Users/zhangzhuang/IdeaProjects/skill-competition/user-manager/frontend/node_modules/@vueuse/.shared-NpRFnqtQ',
112 silly reify   '/Users/zhangzhuang/IdeaProjects/skill-competition/user-manager/frontend/node_modules/esbuild': '/Users/zhangzhuang/IdeaProjects/skill-competition/user-manager/frontend/node_modules/.esbuild-UkuXuNls',
112 silly reify   '/Users/zhangzhuang/IdeaProjects/skill-competition/user-manager/frontend/node_modules/.bin/esbuild': '/Users/zhangzhuang/IdeaProjects/skill-competition/user-manager/frontend/node_modules/.bin/.esbuild-3t43B9Bp',
112 silly reify   '/Users/zhangzhuang/IdeaProjects/skill-competition/user-manager/frontend/node_modules/rollup': '/Users/zhangzhuang/IdeaProjects/skill-competition/user-manager/frontend/node_modules/.rollup-DWfUXDiP',
112 silly reify   '/Users/zhangzhuang/IdeaProjects/skill-competition/user-manager/frontend/node_modules/.bin/rollup': '/Users/zhangzhuang/IdeaProjects/skill-competition/user-manager/frontend/node_modules/.bin/.rollup-SnzVxY3S',
112 silly reify   '/Users/zhangzhuang/IdeaProjects/skill-competition/user-manager/frontend/node_modules/nanoid': '/Users/zhangzhuang/IdeaProjects/skill-competition/user-manager/frontend/node_modules/.nanoid-6OY25wJe',
112 silly reify   '/Users/zhangzhuang/IdeaProjects/skill-competition/user-manager/frontend/node_modules/.bin/nanoid': '/Users/zhangzhuang/IdeaProjects/skill-competition/user-manager/frontend/node_modules/.bin/.nanoid-v0it5rgD',
112 silly reify   '/Users/zhangzhuang/IdeaProjects/skill-competition/user-manager/frontend/node_modules/@babel/parser': '/Users/zhangzhuang/IdeaProjects/skill-competition/user-manager/frontend/node_modules/@babel/.parser-UAWbhA0t',
112 silly reify   '/Users/zhangzhuang/IdeaProjects/skill-competition/user-manager/frontend/node_modules/.bin/parser': '/Users/zhangzhuang/IdeaProjects/skill-competition/user-manager/frontend/node_modules/.bin/.parser-HatUqijt'
112 silly reify }
113 verbose stack Error: ENOTEMPTY: directory not empty, rename '/Users/zhangzhuang/IdeaProjects/skill-competition/user-manager/frontend/node_modules/@vueuse/core' -> '/Users/zhangzhuang/IdeaProjects/skill-competition/user-manager/frontend/node_modules/@vueuse/.core-qUVTmdCG'
113 verbose stack     at async Object.rename (node:internal/fs/promises:786:10)
113 verbose stack     at async moveFile (/usr/local/lib/node_modules/npm/node_modules/@npmcli/fs/lib/move-file.js:30:5)
113 verbose stack     at async Promise.allSettled (index 91)
113 verbose stack     at async [reifyPackages] (/usr/local/lib/node_modules/npm/node_modules/@npmcli/arborist/lib/arborist/reify.js:325:11)
113 verbose stack     at async Arborist.reify (/usr/local/lib/node_modules/npm/node_modules/@npmcli/arborist/lib/arborist/reify.js:142:5)
113 verbose stack     at async Install.exec (/usr/local/lib/node_modules/npm/lib/commands/install.js:150:5)
113 verbose stack     at async Npm.exec (/usr/local/lib/node_modules/npm/lib/npm.js:207:9)
113 verbose stack     at async module.exports (/usr/local/lib/node_modules/npm/lib/cli/entry.js:74:5)
114 error code ENOTEMPTY
115 error syscall rename
116 error path /Users/zhangzhuang/IdeaProjects/skill-competition/user-manager/frontend/node_modules/@vueuse/core
117 error dest /Users/zhangzhuang/IdeaProjects/skill-competition/user-manager/frontend/node_modules/@vueuse/.core-qUVTmdCG
118 error errno -66
119 error ENOTEMPTY: directory not empty, rename '/Users/zhangzhuang/IdeaProjects/skill-competition/user-manager/frontend/node_modules/@vueuse/core' -> '/Users/zhangzhuang/IdeaProjects/skill-competition/user-manager/frontend/node_modules/@vueuse/.core-qUVTmdCG'
120 silly unfinished npm timer reify 1763721337546
121 silly unfinished npm timer reify:retireShallow 1763721337599
122 verbose cwd /Users/zhangzhuang/IdeaProjects/skill-competition/user-manager/frontend
123 verbose os Darwin 25.1.0
124 verbose node v22.19.0
125 verbose npm  v10.9.3
126 verbose exit -66
127 verbose code -66
128 error A complete log of this run can be found in: /Users/zhangzhuang/IdeaProjects/skill-competition/user-manager/frontend/.npm-cache/_logs/2025-11-21T10_35_37_244Z-debug-0.log
